<?xml version="1.0" encoding="UTF-8"?>
<!-- Generated by org.testng.reporters.JUnitXMLReporter -->
<testsuite hostname="ip-192-168-1-15.ap-southeast-1.compute.internal" name="Run on Internet Explorer" tests="3" failures="0" timestamp="26 Feb 2022 14:51:41 GMT" time="0.042" errors="0">
  <testcase name="TC_01_CreateNewAccount" time="0.006" classname="jenkins.Login_01"/>
  <testcase name="TC_02_Login" time="0.005" classname="jenkins.Login_01"/>
  <testcase name="TC_03_TestMenu" time="0.0" classname="jenkins.Login_01"/>
</testsuite> <!-- Run on Internet Explorer -->
